0 info it worked if it ends with ok
1 verbose cli [ '/usr/local/bin/node',
1 verbose cli   '/usr/local/bin/npm',
1 verbose cli   'run',
1 verbose cli   'watch-node-sass' ]
2 info using npm@3.10.10
3 info using node@v6.10.2
4 verbose run-script [ 'prewatch-node-sass',
4 verbose run-script   'watch-node-sass',
4 verbose run-script   'postwatch-node-sass' ]
5 info lifecycle marvel-app@1.0.0~prewatch-node-sass: marvel-app@1.0.0
6 silly lifecycle marvel-app@1.0.0~prewatch-node-sass: no script for prewatch-node-sass, continuing
7 info lifecycle marvel-app@1.0.0~watch-node-sass: marvel-app@1.0.0
8 verbose lifecycle marvel-app@1.0.0~watch-node-sass: unsafe-perm in lifecycle true
9 verbose lifecycle marvel-app@1.0.0~watch-node-sass: PATH: /usr/local/lib/node_modules/npm/bin/node-gyp-bin:/Users/michael/Desktop/marvelApp/node_modules/.bin:/usr/local/lib/node_modules/npm/bin/node-gyp-bin:/Users/michael/Desktop/marvelApp/node_modules/.bin:/usr/bin:/bin:/usr/sbin:/sbin:/usr/local/bin:/usr/local/git/bin
10 verbose lifecycle marvel-app@1.0.0~watch-node-sass: CWD: /Users/michael/Desktop/marvelApp
11 silly lifecycle marvel-app@1.0.0~watch-node-sass: Args: [ '-c',
11 silly lifecycle   'node-sass --watch scss/styles.scss --output public/css/  --source-map true' ]
12 silly lifecycle marvel-app@1.0.0~watch-node-sass: Returned: code: 1  signal: null
13 info lifecycle marvel-app@1.0.0~watch-node-sass: Failed to exec watch-node-sass script
14 verbose stack Error: marvel-app@1.0.0 watch-node-sass: `node-sass --watch scss/styles.scss --output public/css/  --source-map true`
14 verbose stack Exit status 1
14 verbose stack     at EventEmitter.<anonymous> (/usr/local/lib/node_modules/npm/lib/utils/lifecycle.js:255:16)
14 verbose stack     at emitTwo (events.js:106:13)
14 verbose stack     at EventEmitter.emit (events.js:191:7)
14 verbose stack     at ChildProcess.<anonymous> (/usr/local/lib/node_modules/npm/lib/utils/spawn.js:40:14)
14 verbose stack     at emitTwo (events.js:106:13)
14 verbose stack     at ChildProcess.emit (events.js:191:7)
14 verbose stack     at maybeClose (internal/child_process.js:886:16)
14 verbose stack     at Process.ChildProcess._handle.onexit (internal/child_process.js:226:5)
15 verbose pkgid marvel-app@1.0.0
16 verbose cwd /Users/michael/Desktop/marvelApp
17 error Darwin 15.4.0
18 error argv "/usr/local/bin/node" "/usr/local/bin/npm" "run" "watch-node-sass"
19 error node v6.10.2
20 error npm  v3.10.10
21 error code ELIFECYCLE
22 error marvel-app@1.0.0 watch-node-sass: `node-sass --watch scss/styles.scss --output public/css/  --source-map true`
22 error Exit status 1
23 error Failed at the marvel-app@1.0.0 watch-node-sass script 'node-sass --watch scss/styles.scss --output public/css/  --source-map true'.
23 error Make sure you have the latest version of node.js and npm installed.
23 error If you do, this is most likely a problem with the marvel-app package,
23 error not with npm itself.
23 error Tell the author that this fails on your system:
23 error     node-sass --watch scss/styles.scss --output public/css/  --source-map true
23 error You can get information on how to open an issue for this project with:
23 error     npm bugs marvel-app
23 error Or if that isn't available, you can get their info via:
23 error     npm owner ls marvel-app
23 error There is likely additional logging output above.
24 verbose exit [ 1, true ]
